# JRE version: Java(TM) SE Runtime Environment (7.0_75-b13) (build 1.7.0_75-b13)
# Java VM: Java HotSpot(TM) 64-Bit Server VM (24.75-b04 mixed mode windows-amd64 compressed oops)
Heap
 PSYoungGen      total 296448K, used 256986K [0x00000000eaa80000, 0x00000000ffc80000, 0x0000000100000000)
  eden space 247808K, 95% used [0x00000000eaa80000,0x00000000f9151a58,0x00000000f9c80000)
  from space 48640K, 42% used [0x00000000fcb00000,0x00000000fdf24ec0,0x00000000ffa80000)
  to   space 47616K, 0% used [0x00000000f9c80000,0x00000000f9c80000,0x00000000fcb00000)
 ParOldGen       total 300544K, used 75377K [0x00000000c0000000, 0x00000000d2580000, 0x00000000eaa80000)
  object space 300544K, 25% used [0x00000000c0000000,0x00000000c499c5e8,0x00000000d2580000)
 PSPermGen       total 132608K, used 120252K [0x00000000b0000000, 0x00000000b8180000, 0x00000000c0000000)
  object space 132608K, 90% used [0x00000000b0000000,0x00000000b756f1e0,0x00000000b8180000)
GC Heap History (10 events):
Event: 5038.557 GC heap before
{Heap before GC invocations=63 (full 14):
 PSYoungGen      total 290816K, used 194762K [0x00000000eaa80000, 0x00000000ffb80000, 0x0000000100000000)
  eden space 238592K, 73% used [0x00000000eaa80000,0x00000000f54b9a28,0x00000000f9380000)
  from space 52224K, 39% used [0x00000000fc880000,0x00000000fdc78ed0,0x00000000ffb80000)
  to   space 53248K, 0% used [0x00000000f9380000,0x00000000f9380000,0x00000000fc780000)
 ParOldGen       total 300544K, used 104286K [0x00000000c0000000, 0x00000000d2580000, 0x00000000eaa80000)
  object space 300544K, 34% used [0x00000000c0000000,0x00000000c65d7b60,0x00000000d2580000)
 PSPermGen       total 124928K, used 103826K [0x00000000b0000000, 0x00000000b7a00000, 0x00000000c0000000)
  object space 124928K, 83% used [0x00000000b0000000,0x00000000b6564b18,0x00000000b7a00000)
Event: 5038.580 GC heap after
Heap after GC invocations=63 (full 14):
 PSYoungGen      total 254976K, used 16303K [0x00000000eaa80000, 0x00000000ffa80000, 0x0000000100000000)
  eden space 238592K, 0% used [0x00000000eaa80000,0x00000000eaa80000,0x00000000f9380000)
  from space 16384K, 99% used [0x00000000f9380000,0x00000000fa36bf60,0x00000000fa380000)
  to   space 52736K, 0% used [0x00000000fc700000,0x00000000fc700000,0x00000000ffa80000)
 ParOldGen       total 300544K, used 104286K [0x00000000c0000000, 0x00000000d2580000, 0x00000000eaa80000)
  object space 300544K, 34% used [0x00000000c0000000,0x00000000c65d7b60,0x00000000d2580000)
 PSPermGen       total 124928K, used 103826K [0x00000000b0000000, 0x00000000b7a00000, 0x00000000c0000000)
  object space 124928K, 83% used [0x00000000b0000000,0x00000000b6564b18,0x00000000b7a00000)
}
Event: 5038.580 GC heap before
{Heap before GC invocations=64 (full 15):
 PSYoungGen      total 254976K, used 16303K [0x00000000eaa80000, 0x00000000ffa80000, 0x0000000100000000)
  eden space 238592K, 0% used [0x00000000eaa80000,0x00000000eaa80000,0x00000000f9380000)
  from space 16384K, 99% used [0x00000000f9380000,0x00000000fa36bf60,0x00000000fa380000)
  to   space 52736K, 0% used [0x00000000fc700000,0x00000000fc700000,0x00000000ffa80000)
 ParOldGen       total 300544K, used 104286K [0x00000000c0000000, 0x00000000d2580000, 0x00000000eaa80000)
  object space 300544K, 34% used [0x00000000c0000000,0x00000000c65d7b60,0x00000000d2580000)
 PSPermGen       total 124928K, used 103826K [0x00000000b0000000, 0x00000000b7a00000, 0x00000000c0000000)
  object space 124928K, 83% used [0x00000000b0000000,0x00000000b6564b18,0x00000000b7a00000)
Event: 5039.329 GC heap after
Heap after GC invocations=64 (full 15):
 PSYoungGen      total 254976K, used 0K [0x00000000eaa80000, 0x00000000ffa80000, 0x0000000100000000)
  eden space 238592K, 0% used [0x00000000eaa80000,0x00000000eaa80000,0x00000000f9380000)
  from space 16384K, 0% used [0x00000000f9380000,0x00000000f9380000,0x00000000fa380000)
  to   space 52736K, 0% used [0x00000000fc700000,0x00000000fc700000,0x00000000ffa80000)
 ParOldGen       total 300544K, used 75377K [0x00000000c0000000, 0x00000000d2580000, 0x00000000eaa80000)
  object space 300544K, 25% used [0x00000000c0000000,0x00000000c499c5e8,0x00000000d2580000)
 PSPermGen       total 132608K, used 103786K [0x00000000b0000000, 0x00000000b8180000, 0x00000000c0000000)
  object space 132608K, 78% used [0x00000000b0000000,0x00000000b655a9b0,0x00000000b8180000)
}
Event: 5112.625 GC heap before
{Heap before GC invocations=65 (full 15):
 PSYoungGen      total 254976K, used 238592K [0x00000000eaa80000, 0x00000000ffa80000, 0x0000000100000000)
  eden space 238592K, 100% used [0x00000000eaa80000,0x00000000f9380000,0x00000000f9380000)
  from space 16384K, 0% used [0x00000000f9380000,0x00000000f9380000,0x00000000fa380000)
  to   space 52736K, 0% used [0x00000000fc700000,0x00000000fc700000,0x00000000ffa80000)
 ParOldGen       total 300544K, used 75377K [0x00000000c0000000, 0x00000000d2580000, 0x00000000eaa80000)
  object space 300544K, 25% used [0x00000000c0000000,0x00000000c499c5e8,0x00000000d2580000)
 PSPermGen       total 132608K, used 112296K [0x00000000b0000000, 0x00000000b8180000, 0x00000000c0000000)
  object space 132608K, 84% used [0x00000000b0000000,0x00000000b6daa360,0x00000000b8180000)
Event: 5112.830 GC heap after
Heap after GC invocations=65 (full 15):
 PSYoungGen      total 293888K, used 25974K [0x00000000eaa80000, 0x0000000100000000, 0x0000000100000000)
  eden space 241152K, 0% used [0x00000000eaa80000,0x00000000eaa80000,0x00000000f9600000)
  from space 52736K, 49% used [0x00000000fc700000,0x00000000fe05d828,0x00000000ffa80000)
  to   space 50176K, 0% used [0x00000000f9600000,0x00000000f9600000,0x00000000fc700000)
 ParOldGen       total 300544K, used 75377K [0x00000000c0000000, 0x00000000d2580000, 0x00000000eaa80000)
  object space 300544K, 25% used [0x00000000c0000000,0x00000000c499c5e8,0x00000000d2580000)
 PSPermGen       total 132608K, used 112296K [0x00000000b0000000, 0x00000000b8180000, 0x00000000c0000000)
  object space 132608K, 84% used [0x00000000b0000000,0x00000000b6daa360,0x00000000b8180000)
}
Event: 5118.808 GC heap before
{Heap before GC invocations=66 (full 15):
 PSYoungGen      total 293888K, used 267126K [0x00000000eaa80000, 0x0000000100000000, 0x0000000100000000)
  eden space 241152K, 100% used [0x00000000eaa80000,0x00000000f9600000,0x00000000f9600000)
  from space 52736K, 49% used [0x00000000fc700000,0x00000000fe05d828,0x00000000ffa80000)
  to   space 50176K, 0% used [0x00000000f9600000,0x00000000f9600000,0x00000000fc700000)
 ParOldGen       total 300544K, used 75377K [0x00000000c0000000, 0x00000000d2580000, 0x00000000eaa80000)
  object space 300544K, 25% used [0x00000000c0000000,0x00000000c499c5e8,0x00000000d2580000)
 PSPermGen       total 132608K, used 112300K [0x00000000b0000000, 0x00000000b8180000, 0x00000000c0000000)
  object space 132608K, 84% used [0x00000000b0000000,0x00000000b6dab250,0x00000000b8180000)
Event: 5118.994 GC heap after
Heap after GC invocations=66 (full 15):
 PSYoungGen      total 291328K, used 20355K [0x00000000eaa80000, 0x00000000ffa80000, 0x0000000100000000)
  eden space 241152K, 0% used [0x00000000eaa80000,0x00000000eaa80000,0x00000000f9600000)
  from space 50176K, 40% used [0x00000000f9600000,0x00000000fa9e0cd0,0x00000000fc700000)
  to   space 48640K, 0% used [0x00000000fcb00000,0x00000000fcb00000,0x00000000ffa80000)
 ParOldGen       total 300544K, used 75377K [0x00000000c0000000, 0x00000000d2580000, 0x00000000eaa80000)
  object space 300544K, 25% used [0x00000000c0000000,0x00000000c499c5e8,0x00000000d2580000)
 PSPermGen       total 132608K, used 112300K [0x00000000b0000000, 0x00000000b8180000, 0x00000000c0000000)
  object space 132608K, 84% used [0x00000000b0000000,0x00000000b6dab250,0x00000000b8180000)
}
Event: 5123.792 GC heap before
{Heap before GC invocations=67 (full 15):
 PSYoungGen      total 291328K, used 261507K [0x00000000eaa80000, 0x00000000ffa80000, 0x0000000100000000)
  eden space 241152K, 100% used [0x00000000eaa80000,0x00000000f9600000,0x00000000f9600000)
  from space 50176K, 40% used [0x00000000f9600000,0x00000000fa9e0cd0,0x00000000fc700000)
  to   space 48640K, 0% used [0x00000000fcb00000,0x00000000fcb00000,0x00000000ffa80000)
 ParOldGen       total 300544K, used 75377K [0x00000000c0000000, 0x00000000d2580000, 0x00000000eaa80000)
  object space 300544K, 25% used [0x00000000c0000000,0x00000000c499c5e8,0x00000000d2580000)
 PSPermGen       total 132608K, used 112303K [0x00000000b0000000, 0x00000000b8180000, 0x00000000c0000000)
  object space 132608K, 84% used [0x00000000b0000000,0x00000000b6dabfb8,0x00000000b8180000)
Event: 5123.818 GC heap after
Heap after GC invocations=67 (full 15):
 PSYoungGen      total 296448K, used 20627K [0x00000000eaa80000, 0x00000000ffc80000, 0x0000000100000000)
  eden space 247808K, 0% used [0x00000000eaa80000,0x00000000eaa80000,0x00000000f9c80000)
  from space 48640K, 42% used [0x00000000fcb00000,0x00000000fdf24ec0,0x00000000ffa80000)
  to   space 47616K, 0% used [0x00000000f9c80000,0x00000000f9c80000,0x00000000fcb00000)
 ParOldGen       total 300544K, used 75377K [0x00000000c0000000, 0x00000000d2580000, 0x00000000eaa80000)
  object space 300544K, 25% used [0x00000000c0000000,0x00000000c499c5e8,0x00000000d2580000)
 PSPermGen       total 132608K, used 112303K [0x00000000b0000000, 0x00000000b8180000, 0x00000000c0000000)
  object space 132608K, 84% used [0x00000000b0000000,0x00000000b6dabfb8,0x00000000b8180000)
}

